-------------------------------------------------------------------------------
Test set: com.smartprogrammingbaddies.EventUnitTests
-------------------------------------------------------------------------------
Tests run: 14, Failures: 0, Errors: 14, Skipped: 0, Time elapsed: 0.005 s <<< FAILURE! -- in com.smartprogrammingbaddies.EventUnitTests
com.smartprogrammingbaddies.EventUnitTests.updateDateTest -- Time elapsed: 0 s <<< ERROR!
java.lang.IllegalArgumentException
	at java.sql/java.sql.Date.valueOf(Date.java:141)
	at com.smartprogrammingbaddies.EventUnitTests.setupEventForTesting(EventUnitTests.java:36)
	at java.base/java.lang.reflect.Method.invoke(Method.java:580)
	at java.base/java.util.ArrayList.forEach(ArrayList.java:1597)
	at java.base/java.util.ArrayList.forEach(ArrayList.java:1597)

com.smartprogrammingbaddies.EventUnitTests.updateNameTest -- Time elapsed: 0 s <<< ERROR!
java.lang.IllegalArgumentException
	at java.sql/java.sql.Date.valueOf(Date.java:141)
	at com.smartprogrammingbaddies.EventUnitTests.setupEventForTesting(EventUnitTests.java:36)
	at java.base/java.lang.reflect.Method.invoke(Method.java:580)
	at java.base/java.util.ArrayList.forEach(ArrayList.java:1597)
	at java.base/java.util.ArrayList.forEach(ArrayList.java:1597)

com.smartprogrammingbaddies.EventUnitTests.updateTimeTest -- Time elapsed: 0 s <<< ERROR!
java.lang.IllegalArgumentException
	at java.sql/java.sql.Date.valueOf(Date.java:141)
	at com.smartprogrammingbaddies.EventUnitTests.setupEventForTesting(EventUnitTests.java:36)
	at java.base/java.lang.reflect.Method.invoke(Method.java:580)
	at java.base/java.util.ArrayList.forEach(ArrayList.java:1597)
	at java.base/java.util.ArrayList.forEach(ArrayList.java:1597)

com.smartprogrammingbaddies.EventUnitTests.updateLocationTest -- Time elapsed: 0 s <<< ERROR!
java.lang.IllegalArgumentException
	at java.sql/java.sql.Date.valueOf(Date.java:141)
	at com.smartprogrammingbaddies.EventUnitTests.setupEventForTesting(EventUnitTests.java:36)
	at java.base/java.lang.reflect.Method.invoke(Method.java:580)
	at java.base/java.util.ArrayList.forEach(ArrayList.java:1597)
	at java.base/java.util.ArrayList.forEach(ArrayList.java:1597)

com.smartprogrammingbaddies.EventUnitTests.getDateTest -- Time elapsed: 0 s <<< ERROR!
java.lang.IllegalArgumentException
	at java.sql/java.sql.Date.valueOf(Date.java:141)
	at com.smartprogrammingbaddies.EventUnitTests.setupEventForTesting(EventUnitTests.java:36)
	at java.base/java.lang.reflect.Method.invoke(Method.java:580)
	at java.base/java.util.ArrayList.forEach(ArrayList.java:1597)
	at java.base/java.util.ArrayList.forEach(ArrayList.java:1597)

com.smartprogrammingbaddies.EventUnitTests.getNameTest -- Time elapsed: 0 s <<< ERROR!
java.lang.IllegalArgumentException
	at java.sql/java.sql.Date.valueOf(Date.java:141)
	at com.smartprogrammingbaddies.EventUnitTests.setupEventForTesting(EventUnitTests.java:36)
	at java.base/java.lang.reflect.Method.invoke(Method.java:580)
	at java.base/java.util.ArrayList.forEach(ArrayList.java:1597)
	at java.base/java.util.ArrayList.forEach(ArrayList.java:1597)

com.smartprogrammingbaddies.EventUnitTests.getTimeTest -- Time elapsed: 0 s <<< ERROR!
java.lang.IllegalArgumentException
	at java.sql/java.sql.Date.valueOf(Date.java:141)
	at com.smartprogrammingbaddies.EventUnitTests.setupEventForTesting(EventUnitTests.java:36)
	at java.base/java.lang.reflect.Method.invoke(Method.java:580)
	at java.base/java.util.ArrayList.forEach(ArrayList.java:1597)
	at java.base/java.util.ArrayList.forEach(ArrayList.java:1597)

com.smartprogrammingbaddies.EventUnitTests.addVolunteerTest -- Time elapsed: 0 s <<< ERROR!
java.lang.IllegalArgumentException
	at java.sql/java.sql.Date.valueOf(Date.java:141)
	at com.smartprogrammingbaddies.EventUnitTests.setupEventForTesting(EventUnitTests.java:36)
	at java.base/java.lang.reflect.Method.invoke(Method.java:580)
	at java.base/java.util.ArrayList.forEach(ArrayList.java:1597)
	at java.base/java.util.ArrayList.forEach(ArrayList.java:1597)

com.smartprogrammingbaddies.EventUnitTests.getDescriptionTest -- Time elapsed: 0.001 s <<< ERROR!
java.lang.IllegalArgumentException
	at java.sql/java.sql.Date.valueOf(Date.java:141)
	at com.smartprogrammingbaddies.EventUnitTests.setupEventForTesting(EventUnitTests.java:36)
	at java.base/java.lang.reflect.Method.invoke(Method.java:580)
	at java.base/java.util.ArrayList.forEach(ArrayList.java:1597)
	at java.base/java.util.ArrayList.forEach(ArrayList.java:1597)

com.smartprogrammingbaddies.EventUnitTests.getOrganizerTest -- Time elapsed: 0 s <<< ERROR!
java.lang.IllegalArgumentException
	at java.sql/java.sql.Date.valueOf(Date.java:141)
	at com.smartprogrammingbaddies.EventUnitTests.setupEventForTesting(EventUnitTests.java:36)
	at java.base/java.lang.reflect.Method.invoke(Method.java:580)
	at java.base/java.util.ArrayList.forEach(ArrayList.java:1597)
	at java.base/java.util.ArrayList.forEach(ArrayList.java:1597)

com.smartprogrammingbaddies.EventUnitTests.getVolunteerCountTest -- Time elapsed: 0 s <<< ERROR!
java.lang.IllegalArgumentException
	at java.sql/java.sql.Date.valueOf(Date.java:141)
	at com.smartprogrammingbaddies.EventUnitTests.setupEventForTesting(EventUnitTests.java:36)
	at java.base/java.lang.reflect.Method.invoke(Method.java:580)
	at java.base/java.util.ArrayList.forEach(ArrayList.java:1597)
	at java.base/java.util.ArrayList.forEach(ArrayList.java:1597)

com.smartprogrammingbaddies.EventUnitTests.getLocationTest -- Time elapsed: 0.001 s <<< ERROR!
java.lang.IllegalArgumentException
	at java.sql/java.sql.Date.valueOf(Date.java:141)
	at com.smartprogrammingbaddies.EventUnitTests.setupEventForTesting(EventUnitTests.java:36)
	at java.base/java.lang.reflect.Method.invoke(Method.java:580)
	at java.base/java.util.ArrayList.forEach(ArrayList.java:1597)
	at java.base/java.util.ArrayList.forEach(ArrayList.java:1597)

com.smartprogrammingbaddies.EventUnitTests.getListOfVolunteersTest -- Time elapsed: 0 s <<< ERROR!
java.lang.IllegalArgumentException
	at java.sql/java.sql.Date.valueOf(Date.java:141)
	at com.smartprogrammingbaddies.EventUnitTests.setupEventForTesting(EventUnitTests.java:36)
	at java.base/java.lang.reflect.Method.invoke(Method.java:580)
	at java.base/java.util.ArrayList.forEach(ArrayList.java:1597)
	at java.base/java.util.ArrayList.forEach(ArrayList.java:1597)

com.smartprogrammingbaddies.EventUnitTests.updateDescriptionTest -- Time elapsed: 0 s <<< ERROR!
java.lang.IllegalArgumentException
	at java.sql/java.sql.Date.valueOf(Date.java:141)
	at com.smartprogrammingbaddies.EventUnitTests.setupEventForTesting(EventUnitTests.java:36)
	at java.base/java.lang.reflect.Method.invoke(Method.java:580)
	at java.base/java.util.ArrayList.forEach(ArrayList.java:1597)
	at java.base/java.util.ArrayList.forEach(ArrayList.java:1597)

