<?xml version="1.0" encoding="UTF-8"?>
<testsuite xmlns:xsi="http://www.w3.org/2001/XMLSchema-instance" xsi:noNamespaceSchemaLocation="https://maven.apache.org/surefire/maven-surefire-plugin/xsd/surefire-test-report-3.0.xsd" version="3.0" name="com.smartprogrammingbaddies.AuthTest" time="0.616" tests="3" errors="0" skipped="0" failures="0">
  <properties>
[...]
</properties>
  <testcase name="verifyApiKeyTest" classname="com.smartprogrammingbaddies.AuthTest" time="0.041">
    <system-out><![CDATA[&amp#27;[2m2024-11-22T14:34:25.310-05:00&amp#27;[0;39m &amp#27;[32m INFO&amp#27;[0;39m &amp#27;[35m23629&amp#27;[0;39m &amp#27;[2m---&amp#27;[0;39m &amp#27;[2m[           main]&amp#27;[0;39m &amp#27;[2m&amp#27;[0;39m&amp#27;[36mt.c.s.AnnotationConfigContextLoaderUtils&amp#27;[0;39m &amp#27;[2m:&amp#27;[0;39m Could not detect default configuration classes for test class [com.smartprogrammingbaddies.AuthTest]: AuthTest does not declare any static, non-private, non-final, nested classes annotated with @Configuration.
&amp#27;[2m2024-11-22T14:34:25.312-05:00&amp#27;[0;39m &amp#27;[32m INFO&amp#27;[0;39m &amp#27;[35m23629&amp#27;[0;39m &amp#27;[2m---&amp#27;[0;39m &amp#27;[2m[           main]&amp#27;[0;39m &amp#27;[2m&amp#27;[0;39m&amp#27;[36m.b.t.c.SpringBootTestContextBootstrapper&amp#27;[0;39m &amp#27;[2m:&amp#27;[0;39m Found @SpringBootConfiguration com.smartprogrammingbaddies.App for test class com.smartprogrammingbaddies.AuthTest
&amp#27;[2m2024-11-22T14:34:25.322-05:00&amp#27;[0;39m &amp#27;[32m INFO&amp#27;[0;39m &amp#27;[35m23629&amp#27;[0;39m &amp#27;[2m---&amp#27;[0;39m &amp#27;[2m[           main]&amp#27;[0;39m &amp#27;[2m&amp#27;[0;39m&amp#27;[36mc.s.a.s.CloudSqlEnvironmentPostProcessor&amp#27;[0;39m &amp#27;[2m:&amp#27;[0;39m post-processing Cloud SQL properties for + MYSQL
&amp#27;[2m2024-11-22T14:34:25.322-05:00&amp#27;[0;39m &amp#27;[32m INFO&amp#27;[0;39m &amp#27;[35m23629&amp#27;[0;39m &amp#27;[2m---&amp#27;[0;39m &amp#27;[2m[           main]&amp#27;[0;39m &amp#27;[2m&amp#27;[0;39m&amp#27;[36mc.s.a.s.CloudSqlEnvironmentPostProcessor&amp#27;[0;39m &amp#27;[2m:&amp#27;[0;39m Default MYSQL JdbcUrl provider. Connecting to jdbc:mysql://google/${DB_NAME}?socketFactory=com.google.cloud.sql.mysql.SocketFactory&cloudSqlInstance=${INSTANCE_CONNECTION_NAME} with driver com.mysql.cj.jdbc.Driver

  .   ____          _            __ _ _
 /\\ / ___'_ __ _ _(_)_ __  __ _ \ \ \ \
( ( )\___ | '_ | '_| | '_ \/ _` | \ \ \ \
 \\/  ___)| |_)| | | | | || (_| |  ) ) ) )
  '  |____| .__|_| |_|_| |_\__, | / / / /
 =========|_|==============|___/=/_/_/_/
&amp#27;[32m :: Spring Boot :: &amp#27;[39m              &amp#27;[2m (v3.2.2)&amp#27;[0;39m

&amp#27;[2m2024-11-22T14:34:25.324-05:00&amp#27;[0;39m &amp#27;[32m INFO&amp#27;[0;39m &amp#27;[35m23629&amp#27;[0;39m &amp#27;[2m---&amp#27;[0;39m &amp#27;[2m[           main]&amp#27;[0;39m &amp#27;[2m&amp#27;[0;39m&amp#27;[36mcom.smartprogrammingbaddies.AuthTest    &amp#27;[0;39m &amp#27;[2m:&amp#27;[0;39m Starting AuthTest using Java 22.0.2 with PID 23629 (started by jayzmontoya in /Users/jayzmontoya/Desktop/emergencyFolder/Smart-Programming-Baddies/serviceSPB)
&amp#27;[2m2024-11-22T14:34:25.325-05:00&amp#27;[0;39m &amp#27;[32m INFO&amp#27;[0;39m &amp#27;[35m23629&amp#27;[0;39m &amp#27;[2m---&amp#27;[0;39m &amp#27;[2m[           main]&amp#27;[0;39m &amp#27;[2m&amp#27;[0;39m&amp#27;[36mcom.smartprogrammingbaddies.AuthTest    &amp#27;[0;39m &amp#27;[2m:&amp#27;[0;39m The following 1 profile is active: "test"
&amp#27;[2m2024-11-22T14:34:25.386-05:00&amp#27;[0;39m &amp#27;[32m INFO&amp#27;[0;39m &amp#27;[35m23629&amp#27;[0;39m &amp#27;[2m---&amp#27;[0;39m &amp#27;[2m[           main]&amp#27;[0;39m &amp#27;[2m&amp#27;[0;39m&amp#27;[36m.s.d.r.c.RepositoryConfigurationDelegate&amp#27;[0;39m &amp#27;[2m:&amp#27;[0;39m Bootstrapping Spring Data JPA repositories in DEFAULT mode.
&amp#27;[2m2024-11-22T14:34:25.391-05:00&amp#27;[0;39m &amp#27;[32m INFO&amp#27;[0;39m &amp#27;[35m23629&amp#27;[0;39m &amp#27;[2m---&amp#27;[0;39m &amp#27;[2m[           main]&amp#27;[0;39m &amp#27;[2m&amp#27;[0;39m&amp#27;[36m.s.d.r.c.RepositoryConfigurationDelegate&amp#27;[0;39m &amp#27;[2m:&amp#27;[0;39m Finished Spring Data repository scanning in 4 ms. Found 7 JPA repository interfaces.
&amp#27;[2m2024-11-22T14:34:25.410-05:00&amp#27;[0;39m &amp#27;[32m INFO&amp#27;[0;39m &amp#27;[35m23629&amp#27;[0;39m &amp#27;[2m---&amp#27;[0;39m &amp#27;[2m[           main]&amp#27;[0;39m &amp#27;[2m&amp#27;[0;39m&amp#27;[36mcom.zaxxer.hikari.HikariDataSource      &amp#27;[0;39m &amp#27;[2m:&amp#27;[0;39m HikariPool-3 - Starting...
&amp#27;[2m2024-11-22T14:34:25.593-05:00&amp#27;[0;39m &amp#27;[32m INFO&amp#27;[0;39m &amp#27;[35m23629&amp#27;[0;39m &amp#27;[2m---&amp#27;[0;39m &amp#27;[2m[           main]&amp#27;[0;39m &amp#27;[2m&amp#27;[0;39m&amp#27;[36mcom.zaxxer.hikari.pool.HikariPool       &amp#27;[0;39m &amp#27;[2m:&amp#27;[0;39m HikariPool-3 - Added connection conn0: url=jdbc:h2:mem:testdb user=SA
&amp#27;[2m2024-11-22T14:34:25.593-05:00&amp#27;[0;39m &amp#27;[32m INFO&amp#27;[0;39m &amp#27;[35m23629&amp#27;[0;39m &amp#27;[2m---&amp#27;[0;39m &amp#27;[2m[           main]&amp#27;[0;39m &amp#27;[2m&amp#27;[0;39m&amp#27;[36mcom.zaxxer.hikari.HikariDataSource      &amp#27;[0;39m &amp#27;[2m:&amp#27;[0;39m HikariPool-3 - Start completed.
&amp#27;[2m2024-11-22T14:34:25.601-05:00&amp#27;[0;39m &amp#27;[32m INFO&amp#27;[0;39m &amp#27;[35m23629&amp#27;[0;39m &amp#27;[2m---&amp#27;[0;39m &amp#27;[2m[           main]&amp#27;[0;39m &amp#27;[2m&amp#27;[0;39m&amp#27;[36mo.hibernate.jpa.internal.util.LogHelper &amp#27;[0;39m &amp#27;[2m:&amp#27;[0;39m HHH000204: Processing PersistenceUnitInfo [name: default]
&amp#27;[2m2024-11-22T14:34:25.602-05:00&amp#27;[0;39m &amp#27;[32m INFO&amp#27;[0;39m &amp#27;[35m23629&amp#27;[0;39m &amp#27;[2m---&amp#27;[0;39m &amp#27;[2m[           main]&amp#27;[0;39m &amp#27;[2m&amp#27;[0;39m&amp#27;[36mo.h.c.internal.RegionFactoryInitiator   &amp#27;[0;39m &amp#27;[2m:&amp#27;[0;39m HHH000026: Second-level cache disabled
&amp#27;[2m2024-11-22T14:34:25.604-05:00&amp#27;[0;39m &amp#27;[32m INFO&amp#27;[0;39m &amp#27;[35m23629&amp#27;[0;39m &amp#27;[2m---&amp#27;[0;39m &amp#27;[2m[           main]&amp#27;[0;39m &amp#27;[2m&amp#27;[0;39m&amp#27;[36mo.s.o.j.p.SpringPersistenceUnitInfo     &amp#27;[0;39m &amp#27;[2m:&amp#27;[0;39m No LoadTimeWeaver setup: ignoring JPA class transformer
&amp#27;[2m2024-11-22T14:34:25.609-05:00&amp#27;[0;39m &amp#27;[33m WARN&amp#27;[0;39m &amp#27;[35m23629&amp#27;[0;39m &amp#27;[2m---&amp#27;[0;39m &amp#27;[2m[           main]&amp#27;[0;39m &amp#27;[2m&amp#27;[0;39m&amp#27;[36morg.hibernate.orm.deprecation           &amp#27;[0;39m &amp#27;[2m:&amp#27;[0;39m HHH90000025: H2Dialect does not need to be specified explicitly using 'hibernate.dialect' (remove the property setting and it will be selected by default)
&amp#27;[2m2024-11-22T14:34:25.684-05:00&amp#27;[0;39m &amp#27;[32m INFO&amp#27;[0;39m &amp#27;[35m23629&amp#27;[0;39m &amp#27;[2m---&amp#27;[0;39m &amp#27;[2m[           main]&amp#27;[0;39m &amp#27;[2m&amp#27;[0;39m&amp#27;[36mo.h.m.i.EntityInstantiatorPojoStandard  &amp#27;[0;39m &amp#27;[2m:&amp#27;[0;39m HHH000182: No default (no-argument) constructor for class: com.smartprogrammingbaddies.Donations (class must be instantiated by Interceptor)
&amp#27;[2m2024-11-22T14:34:25.721-05:00&amp#27;[0;39m &amp#27;[32m INFO&amp#27;[0;39m &amp#27;[35m23629&amp#27;[0;39m &amp#27;[2m---&amp#27;[0;39m &amp#27;[2m[           main]&amp#27;[0;39m &amp#27;[2m&amp#27;[0;39m&amp#27;[36mo.h.e.t.j.p.i.JtaPlatformInitiator      &amp#27;[0;39m &amp#27;[2m:&amp#27;[0;39m HHH000489: No JTA platform available (set 'hibernate.transaction.jta.platform' to enable JTA platform integration)
Hibernate: drop table if exists ApiKey cascade 
Hibernate: drop table if exists Client cascade 
Hibernate: drop table if exists Donations cascade 
Hibernate: drop table if exists Event cascade 
Hibernate: drop table if exists Event_volunteers cascade 
Hibernate: drop table if exists Item cascade 
Hibernate: drop table if exists operation_hours cascade 
Hibernate: drop table if exists Organization cascade 
Hibernate: drop table if exists StorageCenter cascade 
Hibernate: drop table if exists Transaction cascade 
Hibernate: drop table if exists Volunteer cascade 
Hibernate: drop table if exists Volunteer_schedule cascade 
Hibernate: drop sequence if exists ApiKey_SEQ
Hibernate: drop sequence if exists Client_SEQ
Hibernate: drop sequence if exists Donations_SEQ
Hibernate: drop sequence if exists Event_SEQ
Hibernate: drop sequence if exists Organization_SEQ
Hibernate: drop sequence if exists StorageCenter_SEQ
Hibernate: drop sequence if exists Transaction_SEQ
Hibernate: drop sequence if exists Volunteer_SEQ
Hibernate: create sequence ApiKey_SEQ start with 1 increment by 50
Hibernate: create sequence Client_SEQ start with 1 increment by 50
Hibernate: create sequence Donations_SEQ start with 1 increment by 50
Hibernate: create sequence Event_SEQ start with 1 increment by 50
Hibernate: create sequence Organization_SEQ start with 1 increment by 50
Hibernate: create sequence StorageCenter_SEQ start with 1 increment by 50
Hibernate: create sequence Transaction_SEQ start with 1 increment by 50
Hibernate: create sequence Volunteer_SEQ start with 1 increment by 50
Hibernate: create table ApiKey (id bigint not null, apiKey varchar(255) not null unique, primary key (id))
Hibernate: create table Client (organization_id integer, clientId varchar(255), id varchar(255) not null, clientDatabase varchar(255) array, primary key (id))
Hibernate: create table Donations (donation_id integer not null, event_event_id integer, storage_storage_center_id integer, donationName varchar(255), donationType varchar(255), donator varchar(255), lifeSpan varchar(255), location varchar(255), primary key (donation_id))
Hibernate: create table Event (endTime time(6), event_id integer not null, isCancelled boolean not null, organizer_organization_id integer, startTime time(6), storage_storage_center_id integer unique, date varchar(255), description varchar(255), location varchar(255), name varchar(255), primary key (event_id))
Hibernate: create table Event_volunteers (Event_event_id integer not null, volunteers_id integer not null unique, primary key (Event_event_id, volunteers_id))
Hibernate: create table Item (expiration_date date, quantity integer not null, storage_center_id integer not null, type tinyint not null check (type between 0 and 2), name varchar(255) not null, primary key (type, name))
Hibernate: create table operation_hours (day_of_week tinyint not null check (day_of_week between 0 and 6), endTime time(6), startTime time(6), storage_center_id integer not null, primary key (day_of_week, storage_center_id))
Hibernate: create table Organization (dateAdded date, organization_id integer not null, storage_storage_center_id integer unique, orgName varchar(255), orgType varchar(255), schedule varchar(255) array, primary key (organization_id))
Hibernate: create table StorageCenter (storage_center_id integer not null, description varchar(255) not null, name varchar(255) not null, primary key (storage_center_id))
Hibernate: create table Transaction (quantity integer not null, storage_center_id integer not null, timestamp time(6) not null, transaction_id integer not null, action varchar(255) not null, itemName varchar(255) not null, itemType varchar(255) not null, primary key (transaction_id))
Hibernate: create table Volunteer (id integer not null, dateSignUp varchar(255), name varchar(255), role varchar(255), primary key (id))
Hibernate: create table Volunteer_schedule (Volunteer_id integer not null, schedule varchar(255), schedule_KEY varchar(255) not null, primary key (Volunteer_id, schedule_KEY))
Hibernate: alter table if exists Client add constraint FK8l4v2kk6en5g1ghydqay34x16 foreign key (organization_id) references Organization
Hibernate: alter table if exists Donations add constraint FKltlrliiuj4myj954naf08yqw3 foreign key (event_event_id) references Event
Hibernate: alter table if exists Donations add constraint FK8kj44gqy2xkaexyxgtcclcwpb foreign key (storage_storage_center_id) references StorageCenter
Hibernate: alter table if exists Event add constraint FKcfjeah6lgot5nb6qspv8cya39 foreign key (organizer_organization_id) references Organization
Hibernate: alter table if exists Event add constraint FK2eahf199jptvydha6inb2e6wl foreign key (storage_storage_center_id) references StorageCenter
Hibernate: alter table if exists Event_volunteers add constraint FK44sgsgdbgutkr9mee3pr6yvr8 foreign key (volunteers_id) references Volunteer
Hibernate: alter table if exists Event_volunteers add constraint FK3uwcdyh0ed0laly169079i8fb foreign key (Event_event_id) references Event
Hibernate: alter table if exists Item add constraint FK2xcssgn2up3w89mdsukckk6lf foreign key (storage_center_id) references StorageCenter
Hibernate: alter table if exists operation_hours add constraint FKaxl5idhy9x4mi0ehmfdi9uubh foreign key (storage_center_id) references StorageCenter
Hibernate: alter table if exists Organization add constraint FKerg1sl2q8lw49w0spudwe01ks foreign key (storage_storage_center_id) references StorageCenter
Hibernate: alter table if exists Transaction add constraint FKfa6x9aqadk6efhbwatuxdbdlw foreign key (storage_center_id) references StorageCenter
Hibernate: alter table if exists Volunteer_schedule add constraint FKlruumdlb9mweepbq5xyk0ikkx foreign key (Volunteer_id) references Volunteer
&amp#27;[2m2024-11-22T14:34:25.761-05:00&amp#27;[0;39m &amp#27;[32m INFO&amp#27;[0;39m &amp#27;[35m23629&amp#27;[0;39m &amp#27;[2m---&amp#27;[0;39m &amp#27;[2m[           main]&amp#27;[0;39m &amp#27;[2m&amp#27;[0;39m&amp#27;[36mj.LocalContainerEntityManagerFactoryBean&amp#27;[0;39m &amp#27;[2m:&amp#27;[0;39m Initialized JPA EntityManagerFactory for persistence unit 'default'
&amp#27;[2m2024-11-22T14:34:25.808-05:00&amp#27;[0;39m &amp#27;[33m WARN&amp#27;[0;39m &amp#27;[35m23629&amp#27;[0;39m &amp#27;[2m---&amp#27;[0;39m &amp#27;[2m[           main]&amp#27;[0;39m &amp#27;[2m&amp#27;[0;39m&amp#27;[36mJpaBaseConfiguration$JpaWebConfiguration&amp#27;[0;39m &amp#27;[2m:&amp#27;[0;39m spring.jpa.open-in-view is enabled by default. Therefore, database queries may be performed during view rendering. Explicitly configure spring.jpa.open-in-view to disable this warning
&amp#27;[2m2024-11-22T14:34:25.837-05:00&amp#27;[0;39m &amp#27;[32m INFO&amp#27;[0;39m &amp#27;[35m23629&amp#27;[0;39m &amp#27;[2m---&amp#27;[0;39m &amp#27;[2m[           main]&amp#27;[0;39m &amp#27;[2m&amp#27;[0;39m&amp#27;[36mc.g.c.s.core.DefaultCredentialsProvider &amp#27;[0;39m &amp#27;[2m:&amp#27;[0;39m Default credentials provider for user 764086051850-6qr4p6gpi6hn506pt8ejuq83di341hur.apps.googleusercontent.com
&amp#27;[2m2024-11-22T14:34:25.837-05:00&amp#27;[0;39m &amp#27;[32m INFO&amp#27;[0;39m &amp#27;[35m23629&amp#27;[0;39m &amp#27;[2m---&amp#27;[0;39m &amp#27;[2m[           main]&amp#27;[0;39m &amp#27;[2m&amp#27;[0;39m&amp#27;[36mc.g.c.s.core.DefaultCredentialsProvider &amp#27;[0;39m &amp#27;[2m:&amp#27;[0;39m Scopes in use by default credentials: [https://www.googleapis.com/auth/pubsub, https://www.googleapis.com/auth/spanner.admin, https://www.googleapis.com/auth/spanner.data, https://www.googleapis.com/auth/datastore, https://www.googleapis.com/auth/sqlservice.admin, https://www.googleapis.com/auth/devstorage.read_only, https://www.googleapis.com/auth/devstorage.read_write, https://www.googleapis.com/auth/cloudruntimeconfig, https://www.googleapis.com/auth/trace.append, https://www.googleapis.com/auth/cloud-platform, https://www.googleapis.com/auth/cloud-vision, https://www.googleapis.com/auth/bigquery, https://www.googleapis.com/auth/monitoring.write]
&amp#27;[2m2024-11-22T14:34:25.838-05:00&amp#27;[0;39m &amp#27;[32m INFO&amp#27;[0;39m &amp#27;[35m23629&amp#27;[0;39m &amp#27;[2m---&amp#27;[0;39m &amp#27;[2m[           main]&amp#27;[0;39m &amp#27;[2m&amp#27;[0;39m&amp#27;[36mc.g.c.s.a.c.GcpContextAutoConfiguration &amp#27;[0;39m &amp#27;[2m:&amp#27;[0;39m The default project ID is my-project-4156-436721
&amp#27;[2m2024-11-22T14:34:25.852-05:00&amp#27;[0;39m &amp#27;[32m INFO&amp#27;[0;39m &amp#27;[35m23629&amp#27;[0;39m &amp#27;[2m---&amp#27;[0;39m &amp#27;[2m[           main]&amp#27;[0;39m &amp#27;[2m&amp#27;[0;39m&amp#27;[36mo.s.b.t.m.w.SpringBootMockServletContext&amp#27;[0;39m &amp#27;[2m:&amp#27;[0;39m Initializing Spring TestDispatcherServlet ''
&amp#27;[2m2024-11-22T14:34:25.852-05:00&amp#27;[0;39m &amp#27;[32m INFO&amp#27;[0;39m &amp#27;[35m23629&amp#27;[0;39m &amp#27;[2m---&amp#27;[0;39m &amp#27;[2m[           main]&amp#27;[0;39m &amp#27;[2m&amp#27;[0;39m&amp#27;[36mo.s.t.web.servlet.TestDispatcherServlet &amp#27;[0;39m &amp#27;[2m:&amp#27;[0;39m Initializing Servlet ''
&amp#27;[2m2024-11-22T14:34:25.852-05:00&amp#27;[0;39m &amp#27;[32m INFO&amp#27;[0;39m &amp#27;[35m23629&amp#27;[0;39m &amp#27;[2m---&amp#27;[0;39m &amp#27;[2m[           main]&amp#27;[0;39m &amp#27;[2m&amp#27;[0;39m&amp#27;[36mo.s.t.web.servlet.TestDispatcherServlet &amp#27;[0;39m &amp#27;[2m:&amp#27;[0;39m Completed initialization in 0 ms
&amp#27;[2m2024-11-22T14:34:25.856-05:00&amp#27;[0;39m &amp#27;[32m INFO&amp#27;[0;39m &amp#27;[35m23629&amp#27;[0;39m &amp#27;[2m---&amp#27;[0;39m &amp#27;[2m[           main]&amp#27;[0;39m &amp#27;[2m&amp#27;[0;39m&amp#27;[36mcom.smartprogrammingbaddies.AuthTest    &amp#27;[0;39m &amp#27;[2m:&amp#27;[0;39m Started AuthTest in 0.542 seconds (process running for 11.614)
Hibernate: select ak1_0.id from ApiKey ak1_0 where ak1_0.apiKey=? fetch first ? rows only
Hibernate: select next value for ApiKey_SEQ
Hibernate: insert into ApiKey (apiKey,id) values (?,?)
API key added successfully!
Hibernate: select ak1_0.id from ApiKey ak1_0 where ak1_0.apiKey=? fetch first ? rows only
API key exists in the database.
]]></system-out>
  </testcase>
  <testcase name="generateApiKeyTest" classname="com.smartprogrammingbaddies.AuthTest" time="0.003">
    <system-out><![CDATA[Hibernate: select ak1_0.id from ApiKey ak1_0 where ak1_0.apiKey=? fetch first ? rows only
Hibernate: select next value for ApiKey_SEQ
Hibernate: insert into ApiKey (apiKey,id) values (?,?)
API key added successfully!
]]></system-out>
  </testcase>
  <testcase name="removeApiKeyTest" classname="com.smartprogrammingbaddies.AuthTest" time="0.023">
    <system-out><![CDATA[Hibernate: select ak1_0.id,ak1_0.apiKey from ApiKey ak1_0 where ak1_0.apiKey=?
Hibernate: delete from ApiKey where id=?
API key deleted successfully!
]]></system-out>
  </testcase>
</testsuite>